<?xml version="1.0" encoding="utf-8"?><testsuites name="pytest tests"><testsuite name="pytest" errors="0" failures="0" skipped="0" tests="9" time="0.887" timestamp="2026-05-01T13:33:44.488218+00:00" hostname="agent-env-f7b687eb-85c5-49e5-8c56-8548b1723839"><testcase classname="backend.tests.test_qstones_api" name="test_root" time="0.230" /><testcase classname="backend.tests.test_qstones_api" name="test_list_products" time="0.048" /><testcase classname="backend.tests.test_qstones_api" name="test_get_product_by_id" time="0.048" /><testcase classname="backend.tests.test_qstones_api" name="test_get_product_404" time="0.070" /><testcase classname="backend.tests.test_qstones_api" name="test_rfq_submit_and_list" time="0.128" /><testcase classname="backend.tests.test_qstones_api" name="test_rfq_validation_missing_field" time="0.050" /><testcase classname="backend.tests.test_qstones_api" name="test_rfq_invalid_email" time="0.046" /><testcase classname="backend.tests.test_qstones_api" name="test_contact_submit_and_list" time="0.105" /><testcase classname="backend.tests.test_qstones_api" name="test_contact_validation_missing_message" time="0.045" /></testsuite></testsuites>